<?xml version="1.0" encoding="UTF-8"?>
<testng-results ignored="0" total="1" passed="1" failed="0" skipped="0">
  <reporter-output>
  </reporter-output>
  <suite started-at="2023-09-26T10:00:39Z" name="Default suite" finished-at="2023-09-26T10:00:56Z" duration-ms="17554">
    <groups>
    </groups>
    <test started-at="2023-09-26T10:00:39Z" name="Default test" finished-at="2023-09-26T10:00:56Z" duration-ms="17554">
      <class name="testscenarios.practiceTestCases">
        <test-method is-config="true" signature="beforetest()[pri:0, instance:testscenarios.practiceTestCases@609db546]" started-at="2023-09-26T15:30:39Z" name="beforetest" finished-at="2023-09-26T15:30:41Z" duration-ms="1990" status="PASS">
          <reporter-output>
          </reporter-output>
        </test-method> <!-- beforetest -->
        <test-method signature="webinputtest()[pri:1, instance:testscenarios.practiceTestCases@609db546]" started-at="2023-09-26T15:30:41Z" name="webinputtest" finished-at="2023-09-26T15:30:56Z" duration-ms="15343" status="PASS">
          <reporter-output>
          </reporter-output>
        </test-method> <!-- webinputtest -->
        <test-method is-config="true" signature="aftertest()[pri:0, instance:testscenarios.practiceTestCases@609db546]" started-at="2023-09-26T15:30:56Z" name="aftertest" finished-at="2023-09-26T15:30:56Z" duration-ms="192" status="PASS">
          <reporter-output>
          </reporter-output>
        </test-method> <!-- aftertest -->
      </class> <!-- testscenarios.practiceTestCases -->
    </test> <!-- Default test -->
  </suite> <!-- Default suite -->
</testng-results>
